May-02 00:00:09.872 [main] DEBUG nextflow.cli.Launcher - $> nextflow run main_rclone.nf -profile singularity -resume
May-02 00:00:09.939 [main] INFO  nextflow.cli.CmdRun - N E X T F L O W  ~  version 23.10.0
May-02 00:00:09.949 [main] DEBUG nextflow.plugin.PluginsFacade - Setting up plugin manager > mode=prod; embedded=false; plugins-dir=/Users/kaihu/.nextflow/plugins; core-plugins: nf-amazon@2.1.4,nf-azure@1.3.2,nf-cloudcache@0.3.0,nf-codecommit@0.1.5,nf-console@1.0.6,nf-ga4gh@1.1.0,nf-google@1.8.3,nf-tower@1.6.3,nf-wave@1.0.0
May-02 00:00:09.953 [main] INFO  o.pf4j.DefaultPluginStatusProvider - Enabled plugins: []
May-02 00:00:09.954 [main] INFO  o.pf4j.DefaultPluginStatusProvider - Disabled plugins: []
May-02 00:00:09.955 [main] INFO  org.pf4j.DefaultPluginManager - PF4J version 3.4.1 in 'deployment' mode
May-02 00:00:09.960 [main] INFO  org.pf4j.AbstractPluginManager - No plugins
May-02 00:00:09.969 [main] DEBUG nextflow.config.ConfigBuilder - Found config local: /Users/kaihu/Dropbox (UMass Medical School)/GitHub/nextflow_test/nextflow.config
May-02 00:00:09.970 [main] DEBUG nextflow.config.ConfigBuilder - Parsing config file: /Users/kaihu/Dropbox (UMass Medical School)/GitHub/nextflow_test/nextflow.config
May-02 00:00:09.986 [main] DEBUG nextflow.config.ConfigBuilder - Applying config profile: `singularity`
May-02 00:00:10.376 [main] DEBUG nextflow.config.ConfigBuilder - Available config profiles: [conda, singularity, local, docker]
May-02 00:00:10.390 [main] DEBUG nextflow.cli.CmdRun - Applied DSL=2 from script declararion
May-02 00:00:10.398 [main] INFO  nextflow.cli.CmdRun - Launching `main_rclone.nf` [suspicious_borg] DSL2 - revision: d121efd3b9
May-02 00:00:10.398 [main] DEBUG nextflow.plugin.PluginsFacade - Plugins default=[]
May-02 00:00:10.398 [main] DEBUG nextflow.plugin.PluginsFacade - Plugins resolved requirement=[]
May-02 00:00:10.403 [main] DEBUG n.secret.LocalSecretsProvider - Secrets store: /Users/kaihu/.nextflow/secrets/store.json
May-02 00:00:10.405 [main] DEBUG nextflow.secret.SecretsLoader - Discovered secrets providers: [nextflow.secret.LocalSecretsProvider@4a8e6e89] - activable => nextflow.secret.LocalSecretsProvider@4a8e6e89
May-02 00:00:10.431 [main] DEBUG nextflow.Session - Session UUID: 838724dc-8688-4fb7-b4db-65069e2b77d4
May-02 00:00:10.431 [main] DEBUG nextflow.Session - Run name: suspicious_borg
May-02 00:00:10.432 [main] DEBUG nextflow.Session - Executor pool size: 12
May-02 00:00:10.435 [main] DEBUG nextflow.file.FilePorter - File porter settings maxRetries=3; maxTransfers=50; pollTimeout=null
May-02 00:00:10.690 [main] DEBUG nextflow.cli.CmdRun - 
  Version: 23.10.0 build 5889
  Created: 15-10-2023 15:07 UTC (11:07 EDT)
  System: Mac OS X 14.4
  Runtime: Groovy 3.0.19 on OpenJDK 64-Bit Server VM 21+35
  Encoding: UTF-8 (UTF-8)
  Process: 1737@UMMSMAC-QVWQ97R33L [192.168.0.175]
  CPUs: 12 - Mem: 16 GB (86.5 MB) - Swap: 9 GB (1.5 GB) - Virtual threads ON
May-02 00:00:10.708 [main] DEBUG nextflow.Session - Work-dir: /Users/kaihu/Dropbox (UMass Medical School)/GitHub/nextflow_test/work [Mac OS X]
May-02 00:00:10.719 [main] DEBUG nextflow.executor.ExecutorFactory - Extension executors providers=[]
May-02 00:00:10.729 [main] DEBUG nextflow.Session - Observer factory: DefaultObserverFactory
May-02 00:00:10.749 [main] DEBUG nextflow.cache.CacheFactory - Using Nextflow cache factory: nextflow.cache.DefaultCacheFactory
May-02 00:00:10.753 [main] DEBUG nextflow.util.CustomPoolFactory - Creating virtual thread pool
May-02 00:00:10.816 [main] DEBUG nextflow.Session - Session start
May-02 00:00:10.822 [main] DEBUG nextflow.Session - Using default localLib path: /Users/kaihu/Dropbox (UMass Medical School)/GitHub/nextflow_test/lib
May-02 00:00:10.824 [main] DEBUG nextflow.Session - Adding to the classpath library: /Users/kaihu/Dropbox (UMass Medical School)/GitHub/nextflow_test/lib
May-02 00:00:10.824 [main] DEBUG nextflow.Session - Adding to the classpath library: /Users/kaihu/Dropbox (UMass Medical School)/GitHub/nextflow_test/lib/nfcore_external_java_deps.jar
May-02 00:00:10.874 [main] DEBUG nextflow.script.ScriptRunner - > Launching execution
May-02 00:00:10.978 [main] DEBUG nextflow.script.ProcessConfig - Config settings `withLabel:process_low` matches labels `process_low` for process with name RCLONE
May-02 00:00:10.981 [main] DEBUG nextflow.executor.ExecutorFactory - << taskConfig executor: null
May-02 00:00:10.983 [main] DEBUG nextflow.executor.ExecutorFactory - >> processorType: 'local'
May-02 00:00:10.985 [main] DEBUG nextflow.executor.Executor - [warm up] executor > local
May-02 00:00:10.988 [main] DEBUG n.processor.LocalPollingMonitor - Creating local task monitor for executor 'local' > cpus=12; memory=16 GB; capacity=12; pollInterval=100ms; dumpInterval=5m
May-02 00:00:10.989 [main] DEBUG n.processor.TaskPollingMonitor - >>> barrier register (monitor: local)
May-02 00:00:11.017 [main] DEBUG nextflow.Session - Workflow process names [dsl2]: RCLONE
May-02 00:00:11.018 [main] DEBUG nextflow.Session - Igniting dataflow network (2)
May-02 00:00:11.018 [main] DEBUG nextflow.processor.TaskProcessor - Starting process > RCLONE
May-02 00:00:11.018 [main] DEBUG nextflow.script.ScriptRunner - Parsed script files:
  Script_51f8d110f5e78fef: /Users/kaihu/Dropbox (UMass Medical School)/GitHub/nextflow_test/./modules/rclone.nf
  Script_24312d9a3fc8a96b: /Users/kaihu/Dropbox (UMass Medical School)/GitHub/nextflow_test/main_rclone.nf
May-02 00:00:11.018 [main] DEBUG nextflow.script.ScriptRunner - > Awaiting termination 
May-02 00:00:11.018 [main] DEBUG nextflow.Session - Session await
May-02 00:00:11.049 [Actor Thread 5] WARN  nextflow.container.SingularityCache - Singularity cache directory has not been defined -- Remote image will be stored in the path: /Users/kaihu/Dropbox (UMass Medical School)/GitHub/nextflow_test/work/singularity -- Use the environment variable NXF_SINGULARITY_CACHEDIR to specify a different location
May-02 00:00:11.056 [Actor Thread 5] INFO  nextflow.container.SingularityCache - Pulling Singularity image https://depot.galaxyproject.org/singularity/bwa:0.7.17--hed695b0_7 [cache /Users/kaihu/Dropbox (UMass Medical School)/GitHub/nextflow_test/work/singularity/depot.galaxyproject.org-singularity-bwa-0.7.17--hed695b0_7.img]
May-02 00:00:11.068 [Actor Thread 3] DEBUG nextflow.processor.TaskProcessor - Handling unexpected condition for
  task: name=RCLONE (1); work-dir=null
  error [java.lang.IllegalStateException]: java.lang.IllegalStateException: Failed to pull singularity image
  command: singularity pull  --name depot.galaxyproject.org-singularity-bwa-0.7.17--hed695b0_7.img.pulling.1714622411056 https://depot.galaxyproject.org/singularity/bwa:0.7.17--hed695b0_7 > /dev/null
  status : 127
  message:
    bash: singularity: command not found

May-02 00:00:11.073 [Actor Thread 3] ERROR nextflow.processor.TaskProcessor - Error executing process > 'RCLONE (1)'

Caused by:
  Failed to pull singularity image
  command: singularity pull  --name depot.galaxyproject.org-singularity-bwa-0.7.17--hed695b0_7.img.pulling.1714622411056 https://depot.galaxyproject.org/singularity/bwa:0.7.17--hed695b0_7 > /dev/null
  status : 127
  message:
    bash: singularity: command not found


java.lang.IllegalStateException: java.lang.IllegalStateException: Failed to pull singularity image
  command: singularity pull  --name depot.galaxyproject.org-singularity-bwa-0.7.17--hed695b0_7.img.pulling.1714622411056 https://depot.galaxyproject.org/singularity/bwa:0.7.17--hed695b0_7 > /dev/null
  status : 127
  message:
    bash: singularity: command not found

	at nextflow.container.SingularityCache.getCachePathFor(SingularityCache.groovy:354)
	at nextflow.container.ContainerHandler.createSingularityCache(ContainerHandler.groovy:96)
	at nextflow.container.ContainerHandler.normalizeImageName(ContainerHandler.groovy:71)
	at nextflow.container.resolver.DefaultContainerResolver.resolveImage(DefaultContainerResolver.groovy:44)
	at java.base/jdk.internal.reflect.DirectMethodHandleAccessor.invoke(DirectMethodHandleAccessor.java:103)
	at java.base/java.lang.reflect.Method.invoke(Method.java:580)
	at org.codehaus.groovy.runtime.callsite.PlainObjectMetaMethodSite.doInvoke(PlainObjectMetaMethodSite.java:48)
	at org.codehaus.groovy.runtime.callsite.PogoMetaMethodSite$PogoCachedMethodSite.invoke(PogoMetaMethodSite.java:166)
	at org.codehaus.groovy.runtime.callsite.PogoMetaMethodSite.call(PogoMetaMethodSite.java:69)
	at org.codehaus.groovy.runtime.callsite.CallSiteArray.defaultCall(CallSiteArray.java:47)
	at org.codehaus.groovy.runtime.callsite.AbstractCallSite.call(AbstractCallSite.java:125)
	at org.codehaus.groovy.runtime.callsite.AbstractCallSite.call(AbstractCallSite.java:148)
	at nextflow.processor.TaskRun.containerInfo0(TaskRun.groovy:634)
	at java.base/jdk.internal.reflect.DirectMethodHandleAccessor.invoke(DirectMethodHandleAccessor.java:103)
	at java.base/java.lang.reflect.Method.invoke(Method.java:580)
	at org.codehaus.groovy.reflection.CachedMethod.invoke(CachedMethod.java:107)
	at groovy.lang.MetaMethod.doMethodInvoke(MetaMethod.java:323)
	at org.codehaus.groovy.runtime.metaclass.ClosureMetaClass.invokeMethod(ClosureMetaClass.java:362)
	at org.codehaus.groovy.runtime.callsite.PogoMetaClassSite.callCurrent(PogoMetaClassSite.java:61)
	at org.codehaus.groovy.runtime.callsite.CallSiteArray.defaultCallCurrent(CallSiteArray.java:51)
	at org.codehaus.groovy.runtime.callsite.AbstractCallSite.callCurrent(AbstractCallSite.java:171)
	at org.codehaus.groovy.runtime.callsite.AbstractCallSite.callCurrent(AbstractCallSite.java:176)
	at nextflow.processor.TaskRun$_containerInfo_closure7.doCall(TaskRun.groovy:620)
	at java.base/jdk.internal.reflect.DirectMethodHandleAccessor.invoke(DirectMethodHandleAccessor.java:103)
	at java.base/java.lang.reflect.Method.invoke(Method.java:580)
	at org.codehaus.groovy.reflection.CachedMethod.invoke(CachedMethod.java:107)
	at groovy.lang.MetaMethod.doMethodInvoke(MetaMethod.java:323)
	at org.codehaus.groovy.runtime.metaclass.ClosureMetaClass.invokeMethod(ClosureMetaClass.java:274)
	at groovy.lang.MetaClassImpl.invokeMethod(MetaClassImpl.java:1030)
	at groovy.lang.Closure.call(Closure.java:427)
	at org.codehaus.groovy.runtime.ConvertedClosure.invokeCustom(ConvertedClosure.java:50)
	at org.codehaus.groovy.runtime.ConversionHandler.invoke(ConversionHandler.java:112)
	at jdk.proxy1/jdk.proxy1.$Proxy30.apply(Unknown Source)
	at java.base/java.util.concurrent.ConcurrentHashMap.computeIfAbsent(ConcurrentHashMap.java:1708)
	at java.base/jdk.internal.reflect.DirectMethodHandleAccessor.invoke(DirectMethodHandleAccessor.java:103)
	at java.base/java.lang.reflect.Method.invoke(Method.java:580)
	at org.codehaus.groovy.runtime.callsite.PlainObjectMetaMethodSite.doInvoke(PlainObjectMetaMethodSite.java:48)
	at org.codehaus.groovy.runtime.callsite.PojoMetaMethodSite$PojoCachedMethodSiteNoUnwrap.invoke(PojoMetaMethodSite.java:198)
	at org.codehaus.groovy.runtime.callsite.PojoMetaMethodSite.call(PojoMetaMethodSite.java:51)
	at org.codehaus.groovy.runtime.callsite.CallSiteArray.defaultCall(CallSiteArray.java:47)
	at org.codehaus.groovy.runtime.callsite.AbstractCallSite.call(AbstractCallSite.java:125)
	at org.codehaus.groovy.runtime.callsite.AbstractCallSite.call(AbstractCallSite.java:148)
	at nextflow.processor.TaskRun.containerInfo(TaskRun.groovy:620)
	at nextflow.processor.TaskRun.getContainer(TaskRun.groovy:642)
	at nextflow.processor.TaskRun.isContainerEnabled(TaskRun.groovy:687)
	at nextflow.processor.TaskRun$isContainerEnabled$2.call(Unknown Source)
	at org.codehaus.groovy.runtime.callsite.CallSiteArray.defaultCall(CallSiteArray.java:47)
	at org.codehaus.groovy.runtime.callsite.AbstractCallSite.call(AbstractCallSite.java:125)
	at org.codehaus.groovy.runtime.callsite.AbstractCallSite.call(AbstractCallSite.java:130)
	at nextflow.processor.TaskProcessor.createTaskHashKey(TaskProcessor.groovy:2109)
	at java.base/jdk.internal.reflect.DirectMethodHandleAccessor.invoke(DirectMethodHandleAccessor.java:103)
	at java.base/java.lang.reflect.Method.invoke(Method.java:580)
	at org.codehaus.groovy.runtime.callsite.PlainObjectMetaMethodSite.doInvoke(PlainObjectMetaMethodSite.java:48)
	at org.codehaus.groovy.runtime.callsite.PogoMetaMethodSite$PogoCachedMethodSiteNoUnwrapNoCoerce.invoke(PogoMetaMethodSite.java:189)
	at org.codehaus.groovy.runtime.callsite.PogoMetaMethodSite.callCurrent(PogoMetaMethodSite.java:57)
	at org.codehaus.groovy.runtime.callsite.CallSiteArray.defaultCallCurrent(CallSiteArray.java:51)
	at org.codehaus.groovy.runtime.callsite.AbstractCallSite.callCurrent(AbstractCallSite.java:171)
	at org.codehaus.groovy.runtime.callsite.AbstractCallSite.callCurrent(AbstractCallSite.java:185)
	at nextflow.processor.TaskProcessor.invokeTask(TaskProcessor.groovy:638)
	at nextflow.processor.InvokeTaskAdapter.call(InvokeTaskAdapter.groovy:52)
	at groovyx.gpars.dataflow.operator.DataflowOperatorActor.startTask(DataflowOperatorActor.java:120)
	at groovyx.gpars.dataflow.operator.ForkingDataflowOperatorActor.access$001(ForkingDataflowOperatorActor.java:35)
	at groovyx.gpars.dataflow.operator.ForkingDataflowOperatorActor$1.run(ForkingDataflowOperatorActor.java:58)
	at java.base/java.util.concurrent.ThreadPerTaskExecutor$TaskRunner.run(ThreadPerTaskExecutor.java:314)
	at java.base/java.lang.Thread.run(Thread.java:1583)
Caused by: java.lang.IllegalStateException: Failed to pull singularity image
  command: singularity pull  --name depot.galaxyproject.org-singularity-bwa-0.7.17--hed695b0_7.img.pulling.1714622411056 https://depot.galaxyproject.org/singularity/bwa:0.7.17--hed695b0_7 > /dev/null
  status : 127
  message:
    bash: singularity: command not found

	at nextflow.container.SingularityCache.runCommand(SingularityCache.groovy:306)
	at nextflow.container.SingularityCache.downloadContainerImage0(SingularityCache.groovy:273)
	at java.base/jdk.internal.reflect.DirectMethodHandleAccessor.invoke(DirectMethodHandleAccessor.java:103)
	at java.base/java.lang.reflect.Method.invoke(Method.java:580)
	at org.codehaus.groovy.reflection.CachedMethod.invoke(CachedMethod.java:107)
	at groovy.lang.MetaMethod.doMethodInvoke(MetaMethod.java:323)
	at groovy.lang.MetaClassImpl.invokeMethod(MetaClassImpl.java:1254)
	at groovy.lang.MetaClassImpl.invokeMethod(MetaClassImpl.java:1030)
	at org.codehaus.groovy.runtime.InvokerHelper.invokePogoMethod(InvokerHelper.java:1036)
	at org.codehaus.groovy.runtime.InvokerHelper.invokeMethod(InvokerHelper.java:1019)
	at org.codehaus.groovy.runtime.InvokerHelper.invokeMethodSafe(InvokerHelper.java:97)
	at nextflow.container.SingularityCache$_downloadContainerImage_closure1.doCall(SingularityCache.groovy:241)
	at nextflow.container.SingularityCache$_downloadContainerImage_closure1.call(SingularityCache.groovy)
	at nextflow.file.FileMutex.lock(FileMutex.groovy:106)
	at nextflow.container.SingularityCache.downloadContainerImage(SingularityCache.groovy:241)
	at java.base/jdk.internal.reflect.DirectMethodHandleAccessor.invoke(DirectMethodHandleAccessor.java:103)
	at java.base/java.lang.reflect.Method.invoke(Method.java:580)
	at org.codehaus.groovy.reflection.CachedMethod.invoke(CachedMethod.java:107)
	at groovy.lang.MetaMethod.doMethodInvoke(MetaMethod.java:323)
	at groovy.lang.MetaClassImpl.invokeMethod(MetaClassImpl.java:1254)
	at groovy.lang.MetaClassImpl.invokeMethod(MetaClassImpl.java:1030)
	at org.codehaus.groovy.runtime.InvokerHelper.invokePogoMethod(InvokerHelper.java:1036)
	at org.codehaus.groovy.runtime.InvokerHelper.invokeMethod(InvokerHelper.java:1019)
	at org.codehaus.groovy.runtime.InvokerHelper.invokeMethodSafe(InvokerHelper.java:97)
	at nextflow.container.SingularityCache$_getLazyImagePath_closure2.doCall(SingularityCache.groovy:331)
	at nextflow.container.SingularityCache$_getLazyImagePath_closure2.call(SingularityCache.groovy)
	at groovyx.gpars.dataflow.LazyDataflowVariable$1.run(LazyDataflowVariable.java:70)
	... 2 common frames omitted
May-02 00:00:11.075 [Actor Thread 3] DEBUG nextflow.Session - Session aborted -- Cause: java.lang.IllegalStateException: Failed to pull singularity image
  command: singularity pull  --name depot.galaxyproject.org-singularity-bwa-0.7.17--hed695b0_7.img.pulling.1714622411056 https://depot.galaxyproject.org/singularity/bwa:0.7.17--hed695b0_7 > /dev/null
  status : 127
  message:
    bash: singularity: command not found

May-02 00:00:11.083 [Actor Thread 3] DEBUG nextflow.Session - The following nodes are still active:
[process] RCLONE
  status=ACTIVE
  port 0: (queue) closed; channel: x
  port 1: (cntrl) -     ; channel: $

May-02 00:00:11.084 [main] DEBUG nextflow.Session - Session await > all processes finished
May-02 00:00:11.085 [main] DEBUG nextflow.Session - Session await > all barriers passed
May-02 00:00:11.085 [Task monitor] DEBUG n.processor.TaskPollingMonitor - <<< barrier arrives (monitor: local) - terminating tasks monitor poll loop
May-02 00:00:11.085 [Actor Thread 1] DEBUG nextflow.processor.TaskProcessor - Handling unexpected condition for
  task: name=RCLONE; work-dir=null
  error [java.lang.InterruptedException]: java.lang.InterruptedException
May-02 00:00:11.087 [main] DEBUG n.trace.WorkflowStatsObserver - Workflow completed > WorkflowStats[succeededCount=0; failedCount=0; ignoredCount=0; cachedCount=0; pendingCount=0; submittedCount=0; runningCount=0; retriesCount=0; abortedCount=0; succeedDuration=0ms; failedDuration=0ms; cachedDuration=0ms;loadCpus=0; loadMemory=0; peakRunning=0; peakCpus=0; peakMemory=0; ]
May-02 00:00:11.289 [main] DEBUG nextflow.cache.CacheDB - Closing CacheDB done
May-02 00:00:11.301 [main] DEBUG nextflow.script.ScriptRunner - > Execution complete -- Goodbye
